C51 COMPILER V9.60.0.0   FSMTINY                                                           07/10/2022 22:38:19 PAGE 1   


C51 COMPILER V9.60.0.0, COMPILATION OF MODULE FSMTINY
OBJECT MODULE PLACED IN .\Objects\FsmTiny.obj
COMPILER INVOKED BY: d:\Keil_v5\C51\BIN\C51.EXE FsmTiny.c OPTIMIZE(8,SPEED) DEBUG OBJECTEXTEND PRINT(.\Listings\FsmTiny.
                    -lst) OBJECT(.\Objects\FsmTiny.obj)

line level    source

   1          #include <stdlib.h>
   2          #include "FsmTiny.h"
   3          
   4          struct FsmTiny
   5          {
   6                  FsmTinyState Current;
   7          };
   8          
   9          void* FsmTiny_Start(FsmTinyState initialState)
  10          {
  11   1              struct FsmTiny* fsm;
  12   1              if (initialState)
  13   1              {
  14   2                      if (fsm = malloc(sizeof(struct FsmTiny)))
  15   2                      {
  16   3                              fsm->Current = initialState;
  17   3                      }
  18   2              }
  19   1              else
  20   1              {
  21   2                      fsm = NULL;
  22   2              }
  23   1              return fsm;
  24   1      }
  25          
  26          FsmTinyState FsmTiny_GetCurrent(void* fsmTiny)
  27          {
  28   1              FsmTinyState r;
  29   1              struct FsmTiny* fsm;
  30   1              if (fsm = fsmTiny)
  31   1              {
  32   2                      r = fsm->Current;
  33   2              }
  34   1              else
  35   1              {
  36   2                      r = NULL;
  37   2              }
  38   1              return r;
  39   1      }
  40          
  41          unsigned char FsmTiny_Transit(void* fsmTiny, size_t eventType, void* eventArgs)
  42          {
  43   1              unsigned char r = 0;
  44   1              struct FsmTiny* fsm;
  45   1              FsmTinyState state;
  46   1              if (fsm = fsmTiny)
  47   1              {
  48   2                      if (state = fsm->Current(eventType, eventArgs))
  49   2                      {
  50   3                              fsm->Current = state;
  51   3                      }
  52   2                      r = 1;
  53   2              }
  54   1              return r;
C51 COMPILER V9.60.0.0   FSMTINY                                                           07/10/2022 22:38:19 PAGE 2   

  55   1      }
  56          
  57          void FsmTiny_Stop(void* fsmTiny)
  58          {
  59   1              free(fsmTiny);
  60   1      }


MODULE INFORMATION:   STATIC OVERLAYABLE
   CODE SIZE        =    191    ----
   CONSTANT SIZE    =   ----    ----
   XDATA SIZE       =   ----    ----
   PDATA SIZE       =   ----    ----
   DATA SIZE        =   ----      21
   IDATA SIZE       =   ----    ----
   BIT SIZE         =   ----    ----
END OF MODULE INFORMATION.


C51 COMPILATION COMPLETE.  0 WARNING(S),  0 ERROR(S)
